camgazebo1: error creating /home/shasthamsa/.camgazebo1.pid-trudy: File exists
camgazebo1: forcibly disabling the protection against duplicate instances
camgazebo1: cleaning pocolibs camgazebo1 device
tUnix169220: No matching device
camgazebo1: cleaning pocolibs camgazebo1/* devices
tUnix169220: No matching device
camgazebo1: created outport camgazebo1/genom_state
camgazebo1: created outport camgazebo1/genom_metadata
camgazebo1: created outport camgazebo1/intrinsics
camgazebo1: created outport camgazebo1/extrinsics
camgazebo1: spawned task main
camgazebo1: created outport camgazebo1/frame/raw
camgazebo1: created outport camgazebo1/frame/compressed
camgazebo1: spawned control task
camgazebo1: setup and running
camgazebo-pocolibs: set horizontal fov
camgazebo-pocolibs: set image format
camgazebo-pocolibs: connected to ~/quad1/down_camera_link/down_camera/image
camgazebo1: cannot resize outport frame/raw to 921619 bytes: camgazebo1/main: S_posterLib_MALLOC_ERROR
camgazebo-pocolibs: new extrinsic calibration
camgazebo1: cannot resize outport frame/raw to 921619 bytes: camgazebo1/main: S_posterLib_MALLOC_ERROR
camgazebo1: cannot resize outport frame/raw to 921619 bytes: camgazebo1/main: S_posterLib_MALLOC_ERROR
camgazebo1: cannot resize outport frame/raw to 921619 bytes: camgazebo1/main: S_posterLib_MALLOC_ERROR
camgazebo1: cannot resize outport frame/raw to 921619 bytes: camgazebo1/main: S_posterLib_MALLOC_ERROR
camgazebo1: cannot resize outport frame/raw to 921619 bytes: camgazebo1/main: S_posterLib_MALLOC_ERROR
camgazebo1: cannot resize outport frame/raw to 921619 bytes: camgazebo1/main: S_posterLib_MALLOC_ERROR
camgazebo1: cannot resize outport frame/raw to 921619 bytes: camgazebo1/main: S_posterLib_MALLOC_ERROR
camgazebo1: cannot resize outport frame/raw to 921619 bytes: camgazebo1/main: S_posterLib_MALLOC_ERROR
camgazebo1: cannot resize outport frame/raw to 921619 bytes: camgazebo1/main: S_posterLib_MALLOC_ERROR
camgazebo1: cannot resize outport frame/raw to 921619 bytes: camgazebo1/main: S_posterLib_MALLOC_ERROR
camgazebo1: cannot resize outport frame/raw to 921619 bytes: camgazebo1/main: S_posterLib_MALLOC_ERROR
camgazebo1: cannot resize outport frame/raw to 921619 bytes: camgazebo1/main: S_posterLib_MALLOC_ERROR
camgazebo1: cannot resize outport frame/raw to 921619 bytes: camgazebo1/main: S_posterLib_MALLOC_ERROR
camgazebo1: cannot resize outport frame/raw to 921619 bytes: camgazebo1/main: S_posterLib_MALLOC_ERROR
camgazebo1: cannot resize outport frame/raw to 921619 bytes: camgazebo1/main: S_posterLib_MALLOC_ERROR
camgazebo1: cannot resize outport frame/raw to 921619 bytes: camgazebo1/main: S_posterLib_MALLOC_ERROR
camgazebo1: cannot resize outport frame/raw to 921619 bytes: camgazebo1/main: S_posterLib_MALLOC_ERROR
camgazebo1: cannot resize outport frame/raw to 921619 bytes: camgazebo1/main: S_posterLib_MALLOC_ERROR
camgazebo1: cannot resize outport frame/raw to 921619 bytes: camgazebo1/main: S_posterLib_MALLOC_ERROR
camgazebo1: cannot resize outport frame/raw to 921619 bytes: camgazebo1/main: S_posterLib_MALLOC_ERROR
camgazebo1: cannot resize outport frame/raw to 921619 bytes: camgazebo1/main: S_posterLib_MALLOC_ERROR
camgazebo1: cannot resize outport frame/raw to 921619 bytes: camgazebo1/main: S_posterLib_MALLOC_ERROR
camgazebo1: cannot resize outport frame/raw to 921619 bytes: camgazebo1/main: S_posterLib_MALLOC_ERROR
camgazebo1: cannot resize outport frame/raw to 921619 bytes: camgazebo1/main: S_posterLib_MALLOC_ERROR
camgazebo1: cannot resize outport frame/raw to 921619 bytes: camgazebo1/main: S_posterLib_MALLOC_ERROR
camgazebo1: cannot resize outport frame/raw to 921619 bytes: camgazebo1/main: S_posterLib_MALLOC_ERROR
camgazebo1: cannot resize outport frame/raw to 921619 bytes: camgazebo1/main: S_posterLib_MALLOC_ERROR
camgazebo1: cannot resize outport frame/raw to 921619 bytes: camgazebo1/main: S_posterLib_MALLOC_ERROR
camgazebo1: cannot resize outport frame/raw to 921619 bytes: camgazebo1/main: S_posterLib_MALLOC_ERROR
camgazebo1: cannot resize outport frame/raw to 921619 bytes: camgazebo1/main: S_posterLib_MALLOC_ERROR
camgazebo1: cannot resize outport frame/raw to 921619 bytes: camgazebo1/main: S_posterLib_MALLOC_ERROR
camgazebo1: cannot resize outport frame/raw to 921619 bytes: camgazebo1/main: S_posterLib_MALLOC_ERROR
camgazebo1: cannot resize outport frame/raw to 921619 bytes: camgazebo1/main: S_posterLib_MALLOC_ERROR
camgazebo1: cannot resize outport frame/raw to 921619 bytes: camgazebo1/main: S_posterLib_MALLOC_ERROR
camgazebo1: cannot resize outport frame/raw to 921619 bytes: camgazebo1/main: S_posterLib_MALLOC_ERROR
camgazebo1: cannot resize outport frame/raw to 921619 bytes: camgazebo1/main: S_posterLib_MALLOC_ERROR
camgazebo1: cannot resize outport frame/raw to 921619 bytes: camgazebo1/main: S_posterLib_MALLOC_ERROR
camgazebo1: cannot resize outport frame/raw to 921619 bytes: camgazebo1/main: S_posterLib_MALLOC_ERROR
camgazebo1: cannot resize outport frame/raw to 921619 bytes: camgazebo1/main: S_posterLib_MALLOC_ERROR
camgazebo1: cannot resize outport frame/raw to 921619 bytes: camgazebo1/main: S_posterLib_MALLOC_ERROR
camgazebo1: cannot resize outport frame/raw to 921619 bytes: camgazebo1/main: S_posterLib_MALLOC_ERROR
camgazebo1: cannot resize outport frame/raw to 921619 bytes: camgazebo1/main: S_posterLib_MALLOC_ERROR
camgazebo1: cannot resize outport frame/raw to 921619 bytes: camgazebo1/main: S_posterLib_MALLOC_ERROR
camgazebo1: cannot resize outport frame/raw to 921619 bytes: camgazebo1/main: S_posterLib_MALLOC_ERROR
camgazebo1: cannot resize outport frame/raw to 921619 bytes: camgazebo1/main: S_posterLib_MALLOC_ERROR
camgazebo1: cannot resize outport frame/raw to 921619 bytes: camgazebo1/main: S_posterLib_MALLOC_ERROR
camgazebo1: cannot resize outport frame/raw to 921619 bytes: camgazebo1/main: S_posterLib_MALLOC_ERROR
camgazebo1: cannot resize outport frame/raw to 921619 bytes: camgazebo1/main: S_posterLib_MALLOC_ERROR
camgazebo1: cannot resize outport frame/raw to 921619 bytes: camgazebo1/main: S_posterLib_MALLOC_ERROR
camgazebo1: cannot resize outport frame/raw to 921619 bytes: camgazebo1/main: S_posterLib_MALLOC_ERROR
camgazebo1: cannot resize outport frame/raw to 921619 bytes: camgazebo1/main: S_posterLib_MALLOC_ERROR
camgazebo1: cannot resize outport frame/raw to 921619 bytes: camgazebo1/main: S_posterLib_MALLOC_ERROR
camgazebo1: cannot resize outport frame/raw to 921619 bytes: camgazebo1/main: S_posterLib_MALLOC_ERROR
camgazebo1: cannot resize outport frame/raw to 921619 bytes: camgazebo1/main: S_posterLib_MALLOC_ERROR
camgazebo1: cannot resize outport frame/raw to 921619 bytes: camgazebo1/main: S_posterLib_MALLOC_ERROR
camgazebo1: cannot resize outport frame/raw to 921619 bytes: camgazebo1/main: S_posterLib_MALLOC_ERROR
camgazebo1: cannot resize outport frame/raw to 921619 bytes: camgazebo1/main: S_posterLib_MALLOC_ERROR
camgazebo1: cannot resize outport frame/raw to 921619 bytes: camgazebo1/main: S_posterLib_MALLOC_ERROR
camgazebo1: cannot resize outport frame/raw to 921619 bytes: camgazebo1/main: S_posterLib_MALLOC_ERROR
camgazebo1: cannot resize outport frame/raw to 921619 bytes: camgazebo1/main: S_posterLib_MALLOC_ERROR
camgazebo1: cannot resize outport frame/raw to 921619 bytes: camgazebo1/main: S_posterLib_MALLOC_ERROR
camgazebo1: cannot resize outport frame/raw to 921619 bytes: camgazebo1/main: S_posterLib_MALLOC_ERROR
camgazebo1: cannot resize outport frame/raw to 921619 bytes: camgazebo1/main: S_posterLib_MALLOC_ERROR
camgazebo1: cannot resize outport frame/raw to 921619 bytes: camgazebo1/main: S_posterLib_MALLOC_ERROR
camgazebo1: cannot resize outport frame/raw to 921619 bytes: camgazebo1/main: S_posterLib_MALLOC_ERROR
camgazebo1: cannot resize outport frame/raw to 921619 bytes: camgazebo1/main: S_posterLib_MALLOC_ERROR
camgazebo1: cannot resize outport frame/raw to 921619 bytes: camgazebo1/main: S_posterLib_MALLOC_ERROR
camgazebo1: cannot resize outport frame/raw to 921619 bytes: camgazebo1/main: S_posterLib_MALLOC_ERROR
camgazebo1: cannot resize outport frame/raw to 921619 bytes: camgazebo1/main: S_posterLib_MALLOC_ERROR
camgazebo1: cannot resize outport frame/raw to 921619 bytes: camgazebo1/main: S_posterLib_MALLOC_ERROR
camgazebo1: cannot resize outport frame/raw to 921619 bytes: camgazebo1/main: S_posterLib_MALLOC_ERROR
camgazebo1: cannot resize outport frame/raw to 921619 bytes: camgazebo1/main: S_posterLib_MALLOC_ERROR
camgazebo1: cannot resize outport frame/raw to 921619 bytes: camgazebo1/main: S_posterLib_MALLOC_ERROR
camgazebo1: cannot resize outport frame/raw to 921619 bytes: camgazebo1/main: S_posterLib_MALLOC_ERROR
camgazebo1: cannot resize outport frame/raw to 921619 bytes: camgazebo1/main: S_posterLib_MALLOC_ERROR
camgazebo1: cannot resize outport frame/raw to 921619 bytes: camgazebo1/main: S_posterLib_MALLOC_ERROR
camgazebo1: cannot resize outport frame/raw to 921619 bytes: camgazebo1/main: S_posterLib_MALLOC_ERROR
camgazebo1: cannot resize outport frame/raw to 921619 bytes: camgazebo1/main: S_posterLib_MALLOC_ERROR
camgazebo1: cannot resize outport frame/raw to 921619 bytes: camgazebo1/main: S_posterLib_MALLOC_ERROR
camgazebo1: cannot resize outport frame/raw to 921619 bytes: camgazebo1/main: S_posterLib_MALLOC_ERROR
camgazebo1: cannot resize outport frame/raw to 921619 bytes: camgazebo1/main: S_posterLib_MALLOC_ERROR
camgazebo1: cannot resize outport frame/raw to 921619 bytes: camgazebo1/main: S_posterLib_MALLOC_ERROR
camgazebo1: cannot resize outport frame/raw to 921619 bytes: camgazebo1/main: S_posterLib_MALLOC_ERROR
camgazebo1: cannot resize outport frame/raw to 921619 bytes: camgazebo1/main: S_posterLib_MALLOC_ERROR
camgazebo1: cannot resize outport frame/raw to 921619 bytes: camgazebo1/main: S_posterLib_MALLOC_ERROR
camgazebo1: cannot resize outport frame/raw to 921619 bytes: camgazebo1/main: S_posterLib_MALLOC_ERROR
camgazebo1: cannot resize outport frame/raw to 921619 bytes: camgazebo1/main: S_posterLib_MALLOC_ERROR
camgazebo1: cannot resize outport frame/raw to 921619 bytes: camgazebo1/main: S_posterLib_MALLOC_ERROR
camgazebo1: cannot resize outport frame/raw to 921619 bytes: camgazebo1/main: S_posterLib_MALLOC_ERROR
camgazebo1: cannot resize outport frame/raw to 921619 bytes: camgazebo1/main: S_posterLib_MALLOC_ERROR
camgazebo1: cannot resize outport frame/raw to 921619 bytes: camgazebo1/main: S_posterLib_MALLOC_ERROR
camgazebo1: cannot resize outport frame/raw to 921619 bytes: camgazebo1/main: S_posterLib_MALLOC_ERROR
camgazebo1: cannot resize outport frame/raw to 921619 bytes: camgazebo1/main: S_posterLib_MALLOC_ERROR
camgazebo1: cannot resize outport frame/raw to 921619 bytes: camgazebo1/main: S_posterLib_MALLOC_ERROR
camgazebo1: cannot resize outport frame/raw to 921619 bytes: camgazebo1/main: S_posterLib_MALLOC_ERROR
camgazebo1: cannot resize outport frame/raw to 921619 bytes: camgazebo1/main: S_posterLib_MALLOC_ERROR
camgazebo1: cannot resize outport frame/raw to 921619 bytes: camgazebo1/main: S_posterLib_MALLOC_ERROR
camgazebo1: cannot resize outport frame/raw to 921619 bytes: camgazebo1/main: S_posterLib_MALLOC_ERROR
camgazebo1: cannot resize outport frame/raw to 921619 bytes: camgazebo1/main: S_posterLib_MALLOC_ERROR
camgazebo1: cannot resize outport frame/raw to 921619 bytes: camgazebo1/main: S_posterLib_MALLOC_ERROR
camgazebo1: cannot resize outport frame/raw to 921619 bytes: camgazebo1/main: S_posterLib_MALLOC_ERROR
camgazebo1: cannot resize outport frame/raw to 921619 bytes: camgazebo1/main: S_posterLib_MALLOC_ERROR
camgazebo1: cannot resize outport frame/raw to 921619 bytes: camgazebo1/main: S_posterLib_MALLOC_ERROR
camgazebo1: cannot resize outport frame/raw to 921619 bytes: camgazebo1/main: S_posterLib_MALLOC_ERROR
camgazebo1: cannot resize outport frame/raw to 921619 bytes: camgazebo1/main: S_posterLib_MALLOC_ERROR
camgazebo1: cannot resize outport frame/raw to 921619 bytes: camgazebo1/main: S_posterLib_MALLOC_ERROR
camgazebo1: cannot resize outport frame/raw to 921619 bytes: camgazebo1/main: S_posterLib_MALLOC_ERROR
camgazebo1: cannot resize outport frame/raw to 921619 bytes: camgazebo1/main: S_posterLib_MALLOC_ERROR
camgazebo1: cannot resize outport frame/raw to 921619 bytes: camgazebo1/main: S_posterLib_MALLOC_ERROR
camgazebo1: cannot resize outport frame/raw to 921619 bytes: camgazebo1/main: S_posterLib_MALLOC_ERROR
camgazebo1: cannot resize outport frame/raw to 921619 bytes: camgazebo1/main: S_posterLib_MALLOC_ERROR
camgazebo1: cannot resize outport frame/raw to 921619 bytes: camgazebo1/main: S_posterLib_MALLOC_ERROR
camgazebo1: cannot resize outport frame/raw to 921619 bytes: camgazebo1/main: S_posterLib_MALLOC_ERROR
camgazebo1: cannot resize outport frame/raw to 921619 bytes: camgazebo1/main: S_posterLib_MALLOC_ERROR
camgazebo1: cannot resize outport frame/raw to 921619 bytes: camgazebo1/main: S_posterLib_MALLOC_ERROR
camgazebo1: cannot resize outport frame/raw to 921619 bytes: camgazebo1/main: S_posterLib_MALLOC_ERROR
camgazebo1: cannot resize outport frame/raw to 921619 bytes: camgazebo1/main: S_posterLib_MALLOC_ERROR
camgazebo1: cannot resize outport frame/raw to 921619 bytes: camgazebo1/main: S_posterLib_MALLOC_ERROR
camgazebo1: cannot resize outport frame/raw to 921619 bytes: camgazebo1/main: S_posterLib_MALLOC_ERROR
camgazebo1: cannot resize outport frame/raw to 921619 bytes: camgazebo1/main: S_posterLib_MALLOC_ERROR
camgazebo1: cannot resize outport frame/raw to 921619 bytes: camgazebo1/main: S_posterLib_MALLOC_ERROR
camgazebo1: cannot resize outport frame/raw to 921619 bytes: camgazebo1/main: S_posterLib_MALLOC_ERROR
camgazebo1: cannot resize outport frame/raw to 921619 bytes: camgazebo1/main: S_posterLib_MALLOC_ERROR
camgazebo1: cannot resize outport frame/raw to 921619 bytes: camgazebo1/main: S_posterLib_MALLOC_ERROR
camgazebo1: cannot resize outport frame/raw to 921619 bytes: camgazebo1/main: S_posterLib_MALLOC_ERROR
camgazebo1: cannot resize outport frame/raw to 921619 bytes: camgazebo1/main: S_posterLib_MALLOC_ERROR
camgazebo1: cannot resize outport frame/raw to 921619 bytes: camgazebo1/main: S_posterLib_MALLOC_ERROR
camgazebo1: cannot resize outport frame/raw to 921619 bytes: camgazebo1/main: S_posterLib_MALLOC_ERROR
camgazebo1: cannot resize outport frame/raw to 921619 bytes: camgazebo1/main: S_posterLib_MALLOC_ERROR
camgazebo1: cannot resize outport frame/raw to 921619 bytes: camgazebo1/main: S_posterLib_MALLOC_ERROR
camgazebo1: cannot resize outport frame/raw to 921619 bytes: camgazebo1/main: S_posterLib_MALLOC_ERROR
camgazebo1: cannot resize outport frame/raw to 921619 bytes: camgazebo1/main: S_posterLib_MALLOC_ERROR
camgazebo1: cannot resize outport frame/raw to 921619 bytes: camgazebo1/main: S_posterLib_MALLOC_ERROR
camgazebo1: cannot resize outport frame/raw to 921619 bytes: camgazebo1/main: S_posterLib_MALLOC_ERROR
camgazebo1: cannot resize outport frame/raw to 921619 bytes: camgazebo1/main: S_posterLib_MALLOC_ERROR
camgazebo1: cannot resize outport frame/raw to 921619 bytes: camgazebo1/main: S_posterLib_MALLOC_ERROR
camgazebo1: cannot resize outport frame/raw to 921619 bytes: camgazebo1/main: S_posterLib_MALLOC_ERROR
camgazebo1: cannot resize outport frame/raw to 921619 bytes: camgazebo1/main: S_posterLib_MALLOC_ERROR
camgazebo1: cannot resize outport frame/raw to 921619 bytes: camgazebo1/main: S_posterLib_MALLOC_ERROR
camgazebo1: cannot resize outport frame/raw to 921619 bytes: camgazebo1/main: S_posterLib_MALLOC_ERROR
camgazebo1: cannot resize outport frame/raw to 921619 bytes: camgazebo1/main: S_posterLib_MALLOC_ERROR
camgazebo1: cannot resize outport frame/raw to 921619 bytes: camgazebo1/main: S_posterLib_MALLOC_ERROR
camgazebo1: cannot resize outport frame/raw to 921619 bytes: camgazebo1/main: S_posterLib_MALLOC_ERROR
camgazebo1: cannot resize outport frame/raw to 921619 bytes: camgazebo1/main: S_posterLib_MALLOC_ERROR
camgazebo1: cannot resize outport frame/raw to 921619 bytes: camgazebo1/main: S_posterLib_MALLOC_ERROR
camgazebo1: cannot resize outport frame/raw to 921619 bytes: camgazebo1/main: S_posterLib_MALLOC_ERROR
camgazebo1: cannot resize outport frame/raw to 921619 bytes: camgazebo1/main: S_posterLib_MALLOC_ERROR
camgazebo1: cannot resize outport frame/raw to 921619 bytes: camgazebo1/main: S_posterLib_MALLOC_ERROR
camgazebo1: cannot resize outport frame/raw to 921619 bytes: camgazebo1/main: S_posterLib_MALLOC_ERROR
camgazebo1: cannot resize outport frame/raw to 921619 bytes: camgazebo1/main: S_posterLib_MALLOC_ERROR
camgazebo1: cannot resize outport frame/raw to 921619 bytes: camgazebo1/main: S_posterLib_MALLOC_ERROR
camgazebo1: cannot resize outport frame/raw to 921619 bytes: camgazebo1/main: S_posterLib_MALLOC_ERROR
camgazebo1: cannot resize outport frame/raw to 921619 bytes: camgazebo1/main: S_posterLib_MALLOC_ERROR
camgazebo1: cannot resize outport frame/raw to 921619 bytes: camgazebo1/main: S_posterLib_MALLOC_ERROR
camgazebo1: cannot resize outport frame/raw to 921619 bytes: camgazebo1/main: S_posterLib_MALLOC_ERROR
camgazebo1: cannot resize outport frame/raw to 921619 bytes: camgazebo1/main: S_posterLib_MALLOC_ERROR
camgazebo1: cannot resize outport frame/raw to 921619 bytes: camgazebo1/main: S_posterLib_MALLOC_ERROR
camgazebo1: cannot resize outport frame/raw to 921619 bytes: camgazebo1/main: S_posterLib_MALLOC_ERROR
camgazebo1: cannot resize outport frame/raw to 921619 bytes: camgazebo1/main: S_posterLib_MALLOC_ERROR
camgazebo1: cannot resize outport frame/raw to 921619 bytes: camgazebo1/main: S_posterLib_MALLOC_ERROR
camgazebo1: cannot resize outport frame/raw to 921619 bytes: camgazebo1/main: S_posterLib_MALLOC_ERROR
camgazebo1: cannot resize outport frame/raw to 921619 bytes: camgazebo1/main: S_posterLib_MALLOC_ERROR
camgazebo1: cannot resize outport frame/raw to 921619 bytes: camgazebo1/main: S_posterLib_MALLOC_ERROR
camgazebo1: cannot resize outport frame/raw to 921619 bytes: camgazebo1/main: S_posterLib_MALLOC_ERROR
camgazebo1: cannot resize outport frame/raw to 921619 bytes: camgazebo1/main: S_posterLib_MALLOC_ERROR
camgazebo1: cannot resize outport frame/raw to 921619 bytes: camgazebo1/main: S_posterLib_MALLOC_ERROR
camgazebo1: cannot resize outport frame/raw to 921619 bytes: camgazebo1/main: S_posterLib_MALLOC_ERROR
camgazebo1: cannot resize outport frame/raw to 921619 bytes: camgazebo1/main: S_posterLib_MALLOC_ERROR
camgazebo1: cannot resize outport frame/raw to 921619 bytes: camgazebo1/main: S_posterLib_MALLOC_ERROR
camgazebo1: cannot resize outport frame/raw to 921619 bytes: camgazebo1/main: S_posterLib_MALLOC_ERROR
camgazebo1: cannot resize outport frame/raw to 921619 bytes: camgazebo1/main: S_posterLib_MALLOC_ERROR
camgazebo1: cannot resize outport frame/raw to 921619 bytes: camgazebo1/main: S_posterLib_MALLOC_ERROR
camgazebo1: cannot resize outport frame/raw to 921619 bytes: camgazebo1/main: S_posterLib_MALLOC_ERROR
camgazebo1: cannot resize outport frame/raw to 921619 bytes: camgazebo1/main: S_posterLib_MALLOC_ERROR
camgazebo1: cannot resize outport frame/raw to 921619 bytes: camgazebo1/main: S_posterLib_MALLOC_ERROR
camgazebo1: cannot resize outport frame/raw to 921619 bytes: camgazebo1/main: S_posterLib_MALLOC_ERROR
camgazebo1: cannot resize outport frame/raw to 921619 bytes: camgazebo1/main: S_posterLib_MALLOC_ERROR
camgazebo1: cannot resize outport frame/raw to 921619 bytes: camgazebo1/main: S_posterLib_MALLOC_ERROR
camgazebo1: cannot resize outport frame/raw to 921619 bytes: camgazebo1/main: S_posterLib_MALLOC_ERROR
camgazebo1: cannot resize outport frame/raw to 921619 bytes: camgazebo1/main: S_posterLib_MALLOC_ERROR
camgazebo1: cannot resize outport frame/raw to 921619 bytes: camgazebo1/main: S_posterLib_MALLOC_ERROR
camgazebo1: cannot resize outport frame/raw to 921619 bytes: camgazebo1/main: S_posterLib_MALLOC_ERROR
camgazebo1: cannot resize outport frame/raw to 921619 bytes: camgazebo1/main: S_posterLib_MALLOC_ERROR
camgazebo1: cannot resize outport frame/raw to 921619 bytes: camgazebo1/main: S_posterLib_MALLOC_ERROR
camgazebo1: cannot resize outport frame/raw to 921619 bytes: camgazebo1/main: S_posterLib_MALLOC_ERROR
camgazebo1: cannot resize outport frame/raw to 921619 bytes: camgazebo1/main: S_posterLib_MALLOC_ERROR
camgazebo1: cannot resize outport frame/raw to 921619 bytes: camgazebo1/main: S_posterLib_MALLOC_ERROR
camgazebo1: cannot resize outport frame/raw to 921619 bytes: camgazebo1/main: S_posterLib_MALLOC_ERROR
camgazebo1: cannot resize outport frame/raw to 921619 bytes: camgazebo1/main: S_posterLib_MALLOC_ERROR
camgazebo1: cannot resize outport frame/raw to 921619 bytes: camgazebo1/main: S_posterLib_MALLOC_ERROR
camgazebo1: cannot resize outport frame/raw to 921619 bytes: camgazebo1/main: S_posterLib_MALLOC_ERROR
camgazebo1: cannot resize outport frame/raw to 921619 bytes: camgazebo1/main: S_posterLib_MALLOC_ERROR
camgazebo1: cannot resize outport frame/raw to 921619 bytes: camgazebo1/main: S_posterLib_MALLOC_ERROR
camgazebo1: cannot resize outport frame/raw to 921619 bytes: camgazebo1/main: S_posterLib_MALLOC_ERROR
camgazebo1: cannot resize outport frame/raw to 921619 bytes: camgazebo1/main: S_posterLib_MALLOC_ERROR
camgazebo1: cannot resize outport frame/raw to 921619 bytes: camgazebo1/main: S_posterLib_MALLOC_ERROR
camgazebo1: cannot resize outport frame/raw to 921619 bytes: camgazebo1/main: S_posterLib_MALLOC_ERROR
camgazebo1: cannot resize outport frame/raw to 921619 bytes: camgazebo1/main: S_posterLib_MALLOC_ERROR
camgazebo1: cannot resize outport frame/raw to 921619 bytes: camgazebo1/main: S_posterLib_MALLOC_ERROR
camgazebo1: cannot resize outport frame/raw to 921619 bytes: camgazebo1/main: S_posterLib_MALLOC_ERROR
camgazebo1: cannot resize outport frame/raw to 921619 bytes: camgazebo1/main: S_posterLib_MALLOC_ERROR
camgazebo1: cannot resize outport frame/raw to 921619 bytes: camgazebo1/main: S_posterLib_MALLOC_ERROR
camgazebo1: cannot resize outport frame/raw to 921619 bytes: camgazebo1/main: S_posterLib_MALLOC_ERROR
camgazebo1: cannot resize outport frame/raw to 921619 bytes: camgazebo1/main: S_posterLib_MALLOC_ERROR
camgazebo1: cannot resize outport frame/raw to 921619 bytes: camgazebo1/main: S_posterLib_MALLOC_ERROR
camgazebo1: cannot resize outport frame/raw to 921619 bytes: camgazebo1/main: S_posterLib_MALLOC_ERROR
camgazebo1: cannot resize outport frame/raw to 921619 bytes: camgazebo1/main: S_posterLib_MALLOC_ERROR
camgazebo1: cannot resize outport frame/raw to 921619 bytes: camgazebo1/main: S_posterLib_MALLOC_ERROR
camgazebo1: cannot resize outport frame/raw to 921619 bytes: camgazebo1/main: S_posterLib_MALLOC_ERROR
camgazebo1: cannot resize outport frame/raw to 921619 bytes: camgazebo1/main: S_posterLib_MALLOC_ERROR
camgazebo1: cannot resize outport frame/raw to 921619 bytes: camgazebo1/main: S_posterLib_MALLOC_ERROR
camgazebo1: cannot resize outport frame/raw to 921619 bytes: camgazebo1/main: S_posterLib_MALLOC_ERROR
camgazebo1: cannot resize outport frame/raw to 921619 bytes: camgazebo1/main: S_posterLib_MALLOC_ERROR
camgazebo1: cannot resize outport frame/raw to 921619 bytes: camgazebo1/main: S_posterLib_MALLOC_ERROR
camgazebo1: cannot resize outport frame/raw to 921619 bytes: camgazebo1/main: S_posterLib_MALLOC_ERROR
camgazebo1: cannot resize outport frame/raw to 921619 bytes: camgazebo1/main: S_posterLib_MALLOC_ERROR
camgazebo1: cannot resize outport frame/raw to 921619 bytes: camgazebo1/main: S_posterLib_MALLOC_ERROR
camgazebo1: cannot resize outport frame/raw to 921619 bytes: camgazebo1/main: S_posterLib_MALLOC_ERROR
camgazebo1: cannot resize outport frame/raw to 921619 bytes: camgazebo1/main: S_posterLib_MALLOC_ERROR
camgazebo1: cannot resize outport frame/raw to 921619 bytes: camgazebo1/main: S_posterLib_MALLOC_ERROR
camgazebo1: cannot resize outport frame/raw to 921619 bytes: camgazebo1/main: S_posterLib_MALLOC_ERROR
camgazebo1: cannot resize outport frame/raw to 921619 bytes: camgazebo1/main: S_posterLib_MALLOC_ERROR
camgazebo1: cannot resize outport frame/raw to 921619 bytes: camgazebo1/main: S_posterLib_MALLOC_ERROR
camgazebo1: cannot resize outport frame/raw to 921619 bytes: camgazebo1/main: S_posterLib_MALLOC_ERROR
camgazebo1: cannot resize outport frame/raw to 921619 bytes: camgazebo1/main: S_posterLib_MALLOC_ERROR
camgazebo1: cannot resize outport frame/raw to 921619 bytes: camgazebo1/main: S_posterLib_MALLOC_ERROR
camgazebo1: cannot resize outport frame/raw to 921619 bytes: camgazebo1/main: S_posterLib_MALLOC_ERROR
camgazebo1: cannot resize outport frame/raw to 921619 bytes: camgazebo1/main: S_posterLib_MALLOC_ERROR
camgazebo1: cannot resize outport frame/raw to 921619 bytes: camgazebo1/main: S_posterLib_MALLOC_ERROR
camgazebo1: cannot resize outport frame/raw to 921619 bytes: camgazebo1/main: S_posterLib_MALLOC_ERROR
camgazebo1: cannot resize outport frame/raw to 921619 bytes: camgazebo1/main: S_posterLib_MALLOC_ERROR
camgazebo1: cannot resize outport frame/raw to 921619 bytes: camgazebo1/main: S_posterLib_MALLOC_ERROR
camgazebo1: cannot resize outport frame/raw to 921619 bytes: camgazebo1/main: S_posterLib_MALLOC_ERROR
camgazebo1: cannot resize outport frame/raw to 921619 bytes: camgazebo1/main: S_posterLib_MALLOC_ERROR
camgazebo1: cannot resize outport frame/raw to 921619 bytes: camgazebo1/main: S_posterLib_MALLOC_ERROR
camgazebo1: cannot resize outport frame/raw to 921619 bytes: camgazebo1/main: S_posterLib_MALLOC_ERROR
camgazebo1: cannot resize outport frame/raw to 921619 bytes: camgazebo1/main: S_posterLib_MALLOC_ERROR
camgazebo1: cannot resize outport frame/raw to 921619 bytes: camgazebo1/main: S_posterLib_MALLOC_ERROR
camgazebo1: cannot resize outport frame/raw to 921619 bytes: camgazebo1/main: S_posterLib_MALLOC_ERROR
camgazebo1: cannot resize outport frame/raw to 921619 bytes: camgazebo1/main: S_posterLib_MALLOC_ERROR
camgazebo1: cannot resize outport frame/raw to 921619 bytes: camgazebo1/main: S_posterLib_MALLOC_ERROR
camgazebo1: cannot resize outport frame/raw to 921619 bytes: camgazebo1/main: S_posterLib_MALLOC_ERROR
camgazebo1: cannot resize outport frame/raw to 921619 bytes: camgazebo1/main: S_posterLib_MALLOC_ERROR
camgazebo1: cannot resize outport frame/raw to 921619 bytes: camgazebo1/main: S_posterLib_MALLOC_ERROR
camgazebo1: cannot resize outport frame/raw to 921619 bytes: camgazebo1/main: S_posterLib_MALLOC_ERROR
camgazebo1: cannot resize outport frame/raw to 921619 bytes: camgazebo1/main: S_posterLib_MALLOC_ERROR
camgazebo1: cannot resize outport frame/raw to 921619 bytes: camgazebo1/main: S_posterLib_MALLOC_ERROR
camgazebo1: cannot resize outport frame/raw to 921619 bytes: camgazebo1/main: S_posterLib_MALLOC_ERROR
camgazebo1: cannot resize outport frame/raw to 921619 bytes: camgazebo1/main: S_posterLib_MALLOC_ERROR
camgazebo1: cannot resize outport frame/raw to 921619 bytes: camgazebo1/main: S_posterLib_MALLOC_ERROR
camgazebo1: cannot resize outport frame/raw to 921619 bytes: camgazebo1/main: S_posterLib_MALLOC_ERROR
camgazebo1: cannot resize outport frame/raw to 921619 bytes: camgazebo1/main: S_posterLib_MALLOC_ERROR
camgazebo1: cannot resize outport frame/raw to 921619 bytes: camgazebo1/main: S_posterLib_MALLOC_ERROR
camgazebo1: cannot resize outport frame/raw to 921619 bytes: camgazebo1/main: S_posterLib_MALLOC_ERROR
camgazebo1: cannot resize outport frame/raw to 921619 bytes: camgazebo1/main: S_posterLib_MALLOC_ERROR
camgazebo1: cannot resize outport frame/raw to 921619 bytes: camgazebo1/main: S_posterLib_MALLOC_ERROR
camgazebo1: cannot resize outport frame/raw to 921619 bytes: camgazebo1/main: S_posterLib_MALLOC_ERROR
camgazebo1: cannot resize outport frame/raw to 921619 bytes: camgazebo1/main: S_posterLib_MALLOC_ERROR
camgazebo1: cannot resize outport frame/raw to 921619 bytes: camgazebo1/main: S_posterLib_MALLOC_ERROR
camgazebo1: cannot resize outport frame/raw to 921619 bytes: camgazebo1/main: S_posterLib_MALLOC_ERROR
camgazebo1: cannot resize outport frame/raw to 921619 bytes: camgazebo1/main: S_posterLib_MALLOC_ERROR
camgazebo1: cannot resize outport frame/raw to 921619 bytes: camgazebo1/main: S_posterLib_MALLOC_ERROR
camgazebo1: cannot resize outport frame/raw to 921619 bytes: camgazebo1/main: S_posterLib_MALLOC_ERROR
camgazebo1: cannot resize outport frame/raw to 921619 bytes: camgazebo1/main: S_posterLib_MALLOC_ERROR
camgazebo1: cannot resize outport frame/raw to 921619 bytes: camgazebo1/main: S_posterLib_MALLOC_ERROR
camgazebo1: cannot resize outport frame/raw to 921619 bytes: camgazebo1/main: S_posterLib_MALLOC_ERROR
camgazebo1: cannot resize outport frame/raw to 921619 bytes: camgazebo1/main: S_posterLib_MALLOC_ERROR
camgazebo1: cannot resize outport frame/raw to 921619 bytes: camgazebo1/main: S_posterLib_MALLOC_ERROR
camgazebo1: cannot resize outport frame/raw to 921619 bytes: camgazebo1/main: S_posterLib_MALLOC_ERROR
camgazebo1: cannot resize outport frame/raw to 921619 bytes: camgazebo1/main: S_posterLib_MALLOC_ERROR
camgazebo1: cannot resize outport frame/raw to 921619 bytes: camgazebo1/main: S_posterLib_MALLOC_ERROR
camgazebo1: cannot resize outport frame/raw to 921619 bytes: camgazebo1/main: S_posterLib_MALLOC_ERROR
camgazebo1: cannot resize outport frame/raw to 921619 bytes: camgazebo1/main: S_posterLib_MALLOC_ERROR
camgazebo1: cannot resize outport frame/raw to 921619 bytes: camgazebo1/main: S_posterLib_MALLOC_ERROR
camgazebo1: cannot resize outport frame/raw to 921619 bytes: camgazebo1/main: S_posterLib_MALLOC_ERROR
camgazebo1: cannot resize outport frame/raw to 921619 bytes: camgazebo1/main: S_posterLib_MALLOC_ERROR
camgazebo1: cannot resize outport frame/raw to 921619 bytes: camgazebo1/main: S_posterLib_MALLOC_ERROR
camgazebo1: cannot resize outport frame/raw to 921619 bytes: camgazebo1/main: S_posterLib_MALLOC_ERROR
camgazebo1: cannot resize outport frame/raw to 921619 bytes: camgazebo1/main: S_posterLib_MALLOC_ERROR
camgazebo1: cannot resize outport frame/raw to 921619 bytes: camgazebo1/main: S_posterLib_MALLOC_ERROR
camgazebo1: cannot resize outport frame/raw to 921619 bytes: camgazebo1/main: S_posterLib_MALLOC_ERROR
camgazebo1: cannot resize outport frame/raw to 921619 bytes: camgazebo1/main: S_posterLib_MALLOC_ERROR
camgazebo1: cannot resize outport frame/raw to 921619 bytes: camgazebo1/main: S_posterLib_MALLOC_ERROR
camgazebo1: cannot resize outport frame/raw to 921619 bytes: camgazebo1/main: S_posterLib_MALLOC_ERROR
camgazebo1: cannot resize outport frame/raw to 921619 bytes: camgazebo1/main: S_posterLib_MALLOC_ERROR
camgazebo1: cannot resize outport frame/raw to 921619 bytes: camgazebo1/main: S_posterLib_MALLOC_ERROR
camgazebo1: cannot resize outport frame/raw to 921619 bytes: camgazebo1/main: S_posterLib_MALLOC_ERROR
camgazebo1: cannot resize outport frame/raw to 921619 bytes: camgazebo1/main: S_posterLib_MALLOC_ERROR
camgazebo1: cannot resize outport frame/raw to 921619 bytes: camgazebo1/main: S_posterLib_MALLOC_ERROR
camgazebo1: cannot resize outport frame/raw to 921619 bytes: camgazebo1/main: S_posterLib_MALLOC_ERROR
camgazebo1: cannot resize outport frame/raw to 921619 bytes: camgazebo1/main: S_posterLib_MALLOC_ERROR
camgazebo1: cannot resize outport frame/raw to 921619 bytes: camgazebo1/main: S_posterLib_MALLOC_ERROR
camgazebo1: cannot resize outport frame/raw to 921619 bytes: camgazebo1/main: S_posterLib_MALLOC_ERROR
camgazebo1: cannot resize outport frame/raw to 921619 bytes: camgazebo1/main: S_posterLib_MALLOC_ERROR
camgazebo1: cannot resize outport frame/raw to 921619 bytes: camgazebo1/main: S_posterLib_MALLOC_ERROR
camgazebo1: cannot resize outport frame/raw to 921619 bytes: camgazebo1/main: S_posterLib_MALLOC_ERROR
camgazebo1: cannot resize outport frame/raw to 921619 bytes: camgazebo1/main: S_posterLib_MALLOC_ERROR
camgazebo1: cannot resize outport frame/raw to 921619 bytes: camgazebo1/main: S_posterLib_MALLOC_ERROR
camgazebo1: cannot resize outport frame/raw to 921619 bytes: camgazebo1/main: S_posterLib_MALLOC_ERROR
camgazebo1: cannot resize outport frame/raw to 921619 bytes: camgazebo1/main: S_posterLib_MALLOC_ERROR
camgazebo1: cannot resize outport frame/raw to 921619 bytes: camgazebo1/main: S_posterLib_MALLOC_ERROR
camgazebo1: cannot resize outport frame/raw to 921619 bytes: camgazebo1/main: S_posterLib_MALLOC_ERROR
camgazebo1: cannot resize outport frame/raw to 921619 bytes: camgazebo1/main: S_posterLib_MALLOC_ERROR
camgazebo1: cannot resize outport frame/raw to 921619 bytes: camgazebo1/main: S_posterLib_MALLOC_ERROR
camgazebo1: cannot resize outport frame/raw to 921619 bytes: camgazebo1/main: S_posterLib_MALLOC_ERROR
camgazebo1: cannot resize outport frame/raw to 921619 bytes: camgazebo1/main: S_posterLib_MALLOC_ERROR
camgazebo1: cannot resize outport frame/raw to 921619 bytes: camgazebo1/main: S_posterLib_MALLOC_ERROR
camgazebo1: cannot resize outport frame/raw to 921619 bytes: camgazebo1/main: S_posterLib_MALLOC_ERROR
camgazebo1: cannot resize outport frame/raw to 921619 bytes: camgazebo1/main: S_posterLib_MALLOC_ERROR
camgazebo1: cannot resize outport frame/raw to 921619 bytes: camgazebo1/main: S_posterLib_MALLOC_ERROR
camgazebo1: cannot resize outport frame/raw to 921619 bytes: camgazebo1/main: S_posterLib_MALLOC_ERROR
camgazebo1: cannot resize outport frame/raw to 921619 bytes: camgazebo1/main: S_posterLib_MALLOC_ERROR
camgazebo1: cannot resize outport frame/raw to 921619 bytes: camgazebo1/main: S_posterLib_MALLOC_ERROR
camgazebo1: cannot resize outport frame/raw to 921619 bytes: camgazebo1/main: S_posterLib_MALLOC_ERROR
camgazebo1: cannot resize outport frame/raw to 921619 bytes: camgazebo1/main: S_posterLib_MALLOC_ERROR
camgazebo1: cannot resize outport frame/raw to 921619 bytes: camgazebo1/main: S_posterLib_MALLOC_ERROR
camgazebo1: cannot resize outport frame/raw to 921619 bytes: camgazebo1/main: S_posterLib_MALLOC_ERROR
camgazebo1: cannot resize outport frame/raw to 921619 bytes: camgazebo1/main: S_posterLib_MALLOC_ERROR
camgazebo1: cannot resize outport frame/raw to 921619 bytes: camgazebo1/main: S_posterLib_MALLOC_ERROR
camgazebo1: cannot resize outport frame/raw to 921619 bytes: camgazebo1/main: S_posterLib_MALLOC_ERROR
camgazebo1: cannot resize outport frame/raw to 921619 bytes: camgazebo1/main: S_posterLib_MALLOC_ERROR
camgazebo1: cannot resize outport frame/raw to 921619 bytes: camgazebo1/main: S_posterLib_MALLOC_ERROR
camgazebo1: cannot resize outport frame/raw to 921619 bytes: camgazebo1/main: S_posterLib_MALLOC_ERROR
camgazebo1: cannot resize outport frame/raw to 921619 bytes: camgazebo1/main: S_posterLib_MALLOC_ERROR
camgazebo1: cannot resize outport frame/raw to 921619 bytes: camgazebo1/main: S_posterLib_MALLOC_ERROR
camgazebo1: cannot resize outport frame/raw to 921619 bytes: camgazebo1/main: S_posterLib_MALLOC_ERROR
camgazebo1: cannot resize outport frame/raw to 921619 bytes: camgazebo1/main: S_posterLib_MALLOC_ERROR
camgazebo1: cannot resize outport frame/raw to 921619 bytes: camgazebo1/main: S_posterLib_MALLOC_ERROR
camgazebo1: cannot resize outport frame/raw to 921619 bytes: camgazebo1/main: S_posterLib_MALLOC_ERROR
camgazebo1: cannot resize outport frame/raw to 921619 bytes: camgazebo1/main: S_posterLib_MALLOC_ERROR
camgazebo1: cannot resize outport frame/raw to 921619 bytes: camgazebo1/main: S_posterLib_MALLOC_ERROR
camgazebo1: cannot resize outport frame/raw to 921619 bytes: camgazebo1/main: S_posterLib_MALLOC_ERROR
camgazebo1: cannot resize outport frame/raw to 921619 bytes: camgazebo1/main: S_posterLib_MALLOC_ERROR
camgazebo1: cannot resize outport frame/raw to 921619 bytes: camgazebo1/main: S_posterLib_MALLOC_ERROR
camgazebo1: cannot resize outport frame/raw to 921619 bytes: camgazebo1/main: S_posterLib_MALLOC_ERROR
camgazebo1: cannot resize outport frame/raw to 921619 bytes: camgazebo1/main: S_posterLib_MALLOC_ERROR
camgazebo1: cannot resize outport frame/raw to 921619 bytes: camgazebo1/main: S_posterLib_MALLOC_ERROR
camgazebo1: cannot resize outport frame/raw to 921619 bytes: camgazebo1/main: S_posterLib_MALLOC_ERROR
camgazebo1: cannot resize outport frame/raw to 921619 bytes: camgazebo1/main: S_posterLib_MALLOC_ERROR
camgazebo1: cannot resize outport frame/raw to 921619 bytes: camgazebo1/main: S_posterLib_MALLOC_ERROR
camgazebo1: cannot resize outport frame/raw to 921619 bytes: camgazebo1/main: S_posterLib_MALLOC_ERROR
camgazebo1: cannot resize outport frame/raw to 921619 bytes: camgazebo1/main: S_posterLib_MALLOC_ERROR
camgazebo1: cannot resize outport frame/raw to 921619 bytes: camgazebo1/main: S_posterLib_MALLOC_ERROR
camgazebo1: cannot resize outport frame/raw to 921619 bytes: camgazebo1/main: S_posterLib_MALLOC_ERROR
camgazebo1: cannot resize outport frame/raw to 921619 bytes: camgazebo1/main: S_posterLib_MALLOC_ERROR
camgazebo1: cannot resize outport frame/raw to 921619 bytes: camgazebo1/main: S_posterLib_MALLOC_ERROR
camgazebo1: cannot resize outport frame/raw to 921619 bytes: camgazebo1/main: S_posterLib_MALLOC_ERROR
camgazebo1: cannot resize outport frame/raw to 921619 bytes: camgazebo1/main: S_posterLib_MALLOC_ERROR
camgazebo1: cannot resize outport frame/raw to 921619 bytes: camgazebo1/main: S_posterLib_MALLOC_ERROR
camgazebo1: cannot resize outport frame/raw to 921619 bytes: camgazebo1/main: S_posterLib_MALLOC_ERROR
camgazebo1: cannot resize outport frame/raw to 921619 bytes: camgazebo1/main: S_posterLib_MALLOC_ERROR
camgazebo1: cannot resize outport frame/raw to 921619 bytes: camgazebo1/main: S_posterLib_MALLOC_ERROR
camgazebo1: cannot resize outport frame/raw to 921619 bytes: camgazebo1/main: S_posterLib_MALLOC_ERROR
camgazebo1: cannot resize outport frame/raw to 921619 bytes: camgazebo1/main: S_posterLib_MALLOC_ERROR
camgazebo1: cannot resize outport frame/raw to 921619 bytes: camgazebo1/main: S_posterLib_MALLOC_ERROR
camgazebo1: cannot resize outport frame/raw to 921619 bytes: camgazebo1/main: S_posterLib_MALLOC_ERROR
camgazebo1: cannot resize outport frame/raw to 921619 bytes: camgazebo1/main: S_posterLib_MALLOC_ERROR
camgazebo1: cannot resize outport frame/raw to 921619 bytes: camgazebo1/main: S_posterLib_MALLOC_ERROR
camgazebo1: cannot resize outport frame/raw to 921619 bytes: camgazebo1/main: S_posterLib_MALLOC_ERROR
camgazebo1: cannot resize outport frame/raw to 921619 bytes: camgazebo1/main: S_posterLib_MALLOC_ERROR
camgazebo1: cannot resize outport frame/raw to 921619 bytes: camgazebo1/main: S_posterLib_MALLOC_ERROR
camgazebo1: cannot resize outport frame/raw to 921619 bytes: camgazebo1/main: S_posterLib_MALLOC_ERROR
camgazebo1: cannot resize outport frame/raw to 921619 bytes: camgazebo1/main: S_posterLib_MALLOC_ERROR
camgazebo1: cannot resize outport frame/raw to 921619 bytes: camgazebo1/main: S_posterLib_MALLOC_ERROR
camgazebo1: cannot resize outport frame/raw to 921619 bytes: camgazebo1/main: S_posterLib_MALLOC_ERROR
camgazebo1: cannot resize outport frame/raw to 921619 bytes: camgazebo1/main: S_posterLib_MALLOC_ERROR
camgazebo1: cannot resize outport frame/raw to 921619 bytes: camgazebo1/main: S_posterLib_MALLOC_ERROR
camgazebo1: cannot resize outport frame/raw to 921619 bytes: camgazebo1/main: S_posterLib_MALLOC_ERROR
camgazebo1: cannot resize outport frame/raw to 921619 bytes: camgazebo1/main: S_posterLib_MALLOC_ERROR
camgazebo1: cannot resize outport frame/raw to 921619 bytes: camgazebo1/main: S_posterLib_MALLOC_ERROR
camgazebo1: cannot resize outport frame/raw to 921619 bytes: camgazebo1/main: S_posterLib_MALLOC_ERROR
camgazebo1: cannot resize outport frame/raw to 921619 bytes: camgazebo1/main: S_posterLib_MALLOC_ERROR
camgazebo1: cannot resize outport frame/raw to 921619 bytes: camgazebo1/main: S_posterLib_MALLOC_ERROR
camgazebo1: cannot resize outport frame/raw to 921619 bytes: camgazebo1/main: S_posterLib_MALLOC_ERROR
camgazebo1: cannot resize outport frame/raw to 921619 bytes: camgazebo1/main: S_posterLib_MALLOC_ERROR
camgazebo1: cannot resize outport frame/raw to 921619 bytes: camgazebo1/main: S_posterLib_MALLOC_ERROR
camgazebo1: cannot resize outport frame/raw to 921619 bytes: camgazebo1/main: S_posterLib_MALLOC_ERROR
camgazebo1: cannot resize outport frame/raw to 921619 bytes: camgazebo1/main: S_posterLib_MALLOC_ERROR
camgazebo1: cannot resize outport frame/raw to 921619 bytes: camgazebo1/main: S_posterLib_MALLOC_ERROR
camgazebo1: cannot resize outport frame/raw to 921619 bytes: camgazebo1/main: S_posterLib_MALLOC_ERROR
camgazebo1: cannot resize outport frame/raw to 921619 bytes: camgazebo1/main: S_posterLib_MALLOC_ERROR
camgazebo1: cannot resize outport frame/raw to 921619 bytes: camgazebo1/main: S_posterLib_MALLOC_ERROR
camgazebo1: cannot resize outport frame/raw to 921619 bytes: camgazebo1/main: S_posterLib_MALLOC_ERROR
camgazebo1: cannot resize outport frame/raw to 921619 bytes: camgazebo1/main: S_posterLib_MALLOC_ERROR
camgazebo1: cannot resize outport frame/raw to 921619 bytes: camgazebo1/main: S_posterLib_MALLOC_ERROR
camgazebo1: cannot resize outport frame/raw to 921619 bytes: camgazebo1/main: S_posterLib_MALLOC_ERROR
camgazebo1: cannot resize outport frame/raw to 921619 bytes: camgazebo1/main: S_posterLib_MALLOC_ERROR
camgazebo1: cannot resize outport frame/raw to 921619 bytes: camgazebo1/main: S_posterLib_MALLOC_ERROR
camgazebo1: cannot resize outport frame/raw to 921619 bytes: camgazebo1/main: S_posterLib_MALLOC_ERROR
camgazebo1: cannot resize outport frame/raw to 921619 bytes: camgazebo1/main: S_posterLib_MALLOC_ERROR
camgazebo1: cannot resize outport frame/raw to 921619 bytes: camgazebo1/main: S_posterLib_MALLOC_ERROR
camgazebo1: cannot resize outport frame/raw to 921619 bytes: camgazebo1/main: S_posterLib_MALLOC_ERROR
camgazebo1: cannot resize outport frame/raw to 921619 bytes: camgazebo1/main: S_posterLib_MALLOC_ERROR
camgazebo1: cannot resize outport frame/raw to 921619 bytes: camgazebo1/main: S_posterLib_MALLOC_ERROR
camgazebo1: cannot resize outport frame/raw to 921619 bytes: camgazebo1/main: S_posterLib_MALLOC_ERROR
camgazebo1: cannot resize outport frame/raw to 921619 bytes: camgazebo1/main: S_posterLib_MALLOC_ERROR
camgazebo1: cannot resize outport frame/raw to 921619 bytes: camgazebo1/main: S_posterLib_MALLOC_ERROR
camgazebo1: cannot resize outport frame/raw to 921619 bytes: camgazebo1/main: S_posterLib_MALLOC_ERROR
camgazebo1: cannot resize outport frame/raw to 921619 bytes: camgazebo1/main: S_posterLib_MALLOC_ERROR
camgazebo1: cannot resize outport frame/raw to 921619 bytes: camgazebo1/main: S_posterLib_MALLOC_ERROR
camgazebo1: cannot resize outport frame/raw to 921619 bytes: camgazebo1/main: S_posterLib_MALLOC_ERROR
camgazebo1: cannot resize outport frame/raw to 921619 bytes: camgazebo1/main: S_posterLib_MALLOC_ERROR
camgazebo1: cannot resize outport frame/raw to 921619 bytes: camgazebo1/main: S_posterLib_MALLOC_ERROR
camgazebo1: cannot resize outport frame/raw to 921619 bytes: camgazebo1/main: S_posterLib_MALLOC_ERROR
camgazebo1: cannot resize outport frame/raw to 921619 bytes: camgazebo1/main: S_posterLib_MALLOC_ERROR
camgazebo1: cannot resize outport frame/raw to 921619 bytes: camgazebo1/main: S_posterLib_MALLOC_ERROR
camgazebo1: cannot resize outport frame/raw to 921619 bytes: camgazebo1/main: S_posterLib_MALLOC_ERROR
camgazebo1: cannot resize outport frame/raw to 921619 bytes: camgazebo1/main: S_posterLib_MALLOC_ERROR
camgazebo1: cannot resize outport frame/raw to 921619 bytes: camgazebo1/main: S_posterLib_MALLOC_ERROR
camgazebo1: cannot resize outport frame/raw to 921619 bytes: camgazebo1/main: S_posterLib_MALLOC_ERROR
camgazebo1: cannot resize outport frame/raw to 921619 bytes: camgazebo1/main: S_posterLib_MALLOC_ERROR
camgazebo1: cannot resize outport frame/raw to 921619 bytes: camgazebo1/main: S_posterLib_MALLOC_ERROR
camgazebo1: cannot resize outport frame/raw to 921619 bytes: camgazebo1/main: S_posterLib_MALLOC_ERROR
camgazebo1: cannot resize outport frame/raw to 921619 bytes: camgazebo1/main: S_posterLib_MALLOC_ERROR
camgazebo1: cannot resize outport frame/raw to 921619 bytes: camgazebo1/main: S_posterLib_MALLOC_ERROR
camgazebo1: cannot resize outport frame/raw to 921619 bytes: camgazebo1/main: S_posterLib_MALLOC_ERROR
camgazebo1: cannot resize outport frame/raw to 921619 bytes: camgazebo1/main: S_posterLib_MALLOC_ERROR
camgazebo1: cannot resize outport frame/raw to 921619 bytes: camgazebo1/main: S_posterLib_MALLOC_ERROR
camgazebo1: cannot resize outport frame/raw to 921619 bytes: camgazebo1/main: S_posterLib_MALLOC_ERROR
camgazebo1: cannot resize outport frame/raw to 921619 bytes: camgazebo1/main: S_posterLib_MALLOC_ERROR
camgazebo1: cannot resize outport frame/raw to 921619 bytes: camgazebo1/main: S_posterLib_MALLOC_ERROR
camgazebo1: cannot resize outport frame/raw to 921619 bytes: camgazebo1/main: S_posterLib_MALLOC_ERROR
camgazebo1: cannot resize outport frame/raw to 921619 bytes: camgazebo1/main: S_posterLib_MALLOC_ERROR
camgazebo1: cannot resize outport frame/raw to 921619 bytes: camgazebo1/main: S_posterLib_MALLOC_ERROR
camgazebo1: cannot resize outport frame/raw to 921619 bytes: camgazebo1/main: S_posterLib_MALLOC_ERROR
camgazebo1: cannot resize outport frame/raw to 921619 bytes: camgazebo1/main: S_posterLib_MALLOC_ERROR
camgazebo1: cannot resize outport frame/raw to 921619 bytes: camgazebo1/main: S_posterLib_MALLOC_ERROR
camgazebo1: cannot resize outport frame/raw to 921619 bytes: camgazebo1/main: S_posterLib_MALLOC_ERROR
camgazebo1: cannot resize outport frame/raw to 921619 bytes: camgazebo1/main: S_posterLib_MALLOC_ERROR
camgazebo1: cannot resize outport frame/raw to 921619 bytes: camgazebo1/main: S_posterLib_MALLOC_ERROR
camgazebo1: cannot resize outport frame/raw to 921619 bytes: camgazebo1/main: S_posterLib_MALLOC_ERROR
camgazebo1: cannot resize outport frame/raw to 921619 bytes: camgazebo1/main: S_posterLib_MALLOC_ERROR
camgazebo1: cannot resize outport frame/raw to 921619 bytes: camgazebo1/main: S_posterLib_MALLOC_ERROR
camgazebo1: cannot resize outport frame/raw to 921619 bytes: camgazebo1/main: S_posterLib_MALLOC_ERROR
camgazebo1: cannot resize outport frame/raw to 921619 bytes: camgazebo1/main: S_posterLib_MALLOC_ERROR
camgazebo1: cannot resize outport frame/raw to 921619 bytes: camgazebo1/main: S_posterLib_MALLOC_ERROR
camgazebo1: cannot resize outport frame/raw to 921619 bytes: camgazebo1/main: S_posterLib_MALLOC_ERROR
camgazebo1: cannot resize outport frame/raw to 921619 bytes: camgazebo1/main: S_posterLib_MALLOC_ERROR
camgazebo1: cannot resize outport frame/raw to 921619 bytes: camgazebo1/main: S_posterLib_MALLOC_ERROR
camgazebo1: cannot resize outport frame/raw to 921619 bytes: camgazebo1/main: S_posterLib_MALLOC_ERROR
camgazebo1: cannot resize outport frame/raw to 921619 bytes: camgazebo1/main: S_posterLib_MALLOC_ERROR
camgazebo1: cannot resize outport frame/raw to 921619 bytes: camgazebo1/main: S_posterLib_MALLOC_ERROR
camgazebo1: cannot resize outport frame/raw to 921619 bytes: camgazebo1/main: S_posterLib_MALLOC_ERROR
camgazebo1: cannot resize outport frame/raw to 921619 bytes: camgazebo1/main: S_posterLib_MALLOC_ERROR
camgazebo1: cannot resize outport frame/raw to 921619 bytes: camgazebo1/main: S_posterLib_MALLOC_ERROR
camgazebo1: cannot resize outport frame/raw to 921619 bytes: camgazebo1/main: S_posterLib_MALLOC_ERROR
camgazebo1: cannot resize outport frame/raw to 921619 bytes: camgazebo1/main: S_posterLib_MALLOC_ERROR
camgazebo1: cannot resize outport frame/raw to 921619 bytes: camgazebo1/main: S_posterLib_MALLOC_ERROR
camgazebo1: cannot resize outport frame/raw to 921619 bytes: camgazebo1/main: S_posterLib_MALLOC_ERROR
camgazebo1: cannot resize outport frame/raw to 921619 bytes: camgazebo1/main: S_posterLib_MALLOC_ERROR
camgazebo1: cannot resize outport frame/raw to 921619 bytes: camgazebo1/main: S_posterLib_MALLOC_ERROR
camgazebo1: cannot resize outport frame/raw to 921619 bytes: camgazebo1/main: S_posterLib_MALLOC_ERROR
camgazebo1: cannot resize outport frame/raw to 921619 bytes: camgazebo1/main: S_posterLib_MALLOC_ERROR
camgazebo1: cannot resize outport frame/raw to 921619 bytes: camgazebo1/main: S_posterLib_MALLOC_ERROR
camgazebo1: cannot resize outport frame/raw to 921619 bytes: camgazebo1/main: S_posterLib_MALLOC_ERROR
camgazebo1: cannot resize outport frame/raw to 921619 bytes: camgazebo1/main: S_posterLib_MALLOC_ERROR
camgazebo1: cannot resize outport frame/raw to 921619 bytes: camgazebo1/main: S_posterLib_MALLOC_ERROR
camgazebo1: cannot resize outport frame/raw to 921619 bytes: camgazebo1/main: S_posterLib_MALLOC_ERROR
camgazebo1: cannot resize outport frame/raw to 921619 bytes: camgazebo1/main: S_posterLib_MALLOC_ERROR
camgazebo1: cannot resize outport frame/raw to 921619 bytes: camgazebo1/main: S_posterLib_MALLOC_ERROR
camgazebo1: cannot resize outport frame/raw to 921619 bytes: camgazebo1/main: S_posterLib_MALLOC_ERROR
camgazebo1: cannot resize outport frame/raw to 921619 bytes: camgazebo1/main: S_posterLib_MALLOC_ERROR
camgazebo1: cannot resize outport frame/raw to 921619 bytes: camgazebo1/main: S_posterLib_MALLOC_ERROR
camgazebo1: cannot resize outport frame/raw to 921619 bytes: camgazebo1/main: S_posterLib_MALLOC_ERROR
camgazebo1: cannot resize outport frame/raw to 921619 bytes: camgazebo1/main: S_posterLib_MALLOC_ERROR
camgazebo1: cannot resize outport frame/raw to 921619 bytes: camgazebo1/main: S_posterLib_MALLOC_ERROR
camgazebo1: cannot resize outport frame/raw to 921619 bytes: camgazebo1/main: S_posterLib_MALLOC_ERROR
camgazebo1: cannot resize outport frame/raw to 921619 bytes: camgazebo1/main: S_posterLib_MALLOC_ERROR
camgazebo1: cannot resize outport frame/raw to 921619 bytes: camgazebo1/main: S_posterLib_MALLOC_ERROR
camgazebo1: cannot resize outport frame/raw to 921619 bytes: camgazebo1/main: S_posterLib_MALLOC_ERROR
camgazebo1: cannot resize outport frame/raw to 921619 bytes: camgazebo1/main: S_posterLib_MALLOC_ERROR
camgazebo1: cannot resize outport frame/raw to 921619 bytes: camgazebo1/main: S_posterLib_MALLOC_ERROR
camgazebo1: cannot resize outport frame/raw to 921619 bytes: camgazebo1/main: S_posterLib_MALLOC_ERROR
camgazebo1: cannot resize outport frame/raw to 921619 bytes: camgazebo1/main: S_posterLib_MALLOC_ERROR
camgazebo1: cannot resize outport frame/raw to 921619 bytes: camgazebo1/main: S_posterLib_MALLOC_ERROR
camgazebo1: cannot resize outport frame/raw to 921619 bytes: camgazebo1/main: S_posterLib_MALLOC_ERROR
camgazebo1: cannot resize outport frame/raw to 921619 bytes: camgazebo1/main: S_posterLib_MALLOC_ERROR
camgazebo1: cannot resize outport frame/raw to 921619 bytes: camgazebo1/main: S_posterLib_MALLOC_ERROR
camgazebo1: cannot resize outport frame/raw to 921619 bytes: camgazebo1/main: S_posterLib_MALLOC_ERROR
camgazebo1: cannot resize outport frame/raw to 921619 bytes: camgazebo1/main: S_posterLib_MALLOC_ERROR
camgazebo1: cannot resize outport frame/raw to 921619 bytes: camgazebo1/main: S_posterLib_MALLOC_ERROR
camgazebo1: cannot resize outport frame/raw to 921619 bytes: camgazebo1/main: S_posterLib_MALLOC_ERROR
camgazebo1: cannot resize outport frame/raw to 921619 bytes: camgazebo1/main: S_posterLib_MALLOC_ERROR
camgazebo1: cannot resize outport frame/raw to 921619 bytes: camgazebo1/main: S_posterLib_MALLOC_ERROR
camgazebo1: cannot resize outport frame/raw to 921619 bytes: camgazebo1/main: S_posterLib_MALLOC_ERROR
camgazebo1: cannot resize outport frame/raw to 921619 bytes: camgazebo1/main: S_posterLib_MALLOC_ERROR
camgazebo1: cannot resize outport frame/raw to 921619 bytes: camgazebo1/main: S_posterLib_MALLOC_ERROR
camgazebo1: cannot resize outport frame/raw to 921619 bytes: camgazebo1/main: S_posterLib_MALLOC_ERROR
camgazebo1: cannot resize outport frame/raw to 921619 bytes: camgazebo1/main: S_posterLib_MALLOC_ERROR
camgazebo1: cannot resize outport frame/raw to 921619 bytes: camgazebo1/main: S_posterLib_MALLOC_ERROR
camgazebo1: cannot resize outport frame/raw to 921619 bytes: camgazebo1/main: S_posterLib_MALLOC_ERROR
camgazebo1: cannot resize outport frame/raw to 921619 bytes: camgazebo1/main: S_posterLib_MALLOC_ERROR
camgazebo1: cannot resize outport frame/raw to 921619 bytes: camgazebo1/main: S_posterLib_MALLOC_ERROR
camgazebo1: cannot resize outport frame/raw to 921619 bytes: camgazebo1/main: S_posterLib_MALLOC_ERROR
camgazebo1: cannot resize outport frame/raw to 921619 bytes: camgazebo1/main: S_posterLib_MALLOC_ERROR
camgazebo1: cannot resize outport frame/raw to 921619 bytes: camgazebo1/main: S_posterLib_MALLOC_ERROR
camgazebo1: cannot resize outport frame/raw to 921619 bytes: camgazebo1/main: S_posterLib_MALLOC_ERROR
camgazebo1: cannot resize outport frame/raw to 921619 bytes: camgazebo1/main: S_posterLib_MALLOC_ERROR
camgazebo1: cannot resize outport frame/raw to 921619 bytes: camgazebo1/main: S_posterLib_MALLOC_ERROR
camgazebo1: cannot resize outport frame/raw to 921619 bytes: camgazebo1/main: S_posterLib_MALLOC_ERROR
camgazebo1: cannot resize outport frame/raw to 921619 bytes: camgazebo1/main: S_posterLib_MALLOC_ERROR
camgazebo1: cannot resize outport frame/raw to 921619 bytes: camgazebo1/main: S_posterLib_MALLOC_ERROR
camgazebo1: cannot resize outport frame/raw to 921619 bytes: camgazebo1/main: S_posterLib_MALLOC_ERROR
camgazebo1: cannot resize outport frame/raw to 921619 bytes: camgazebo1/main: S_posterLib_MALLOC_ERROR
camgazebo1: cannot resize outport frame/raw to 921619 bytes: camgazebo1/main: S_posterLib_MALLOC_ERROR
camgazebo1: cannot resize outport frame/raw to 921619 bytes: camgazebo1/main: S_posterLib_MALLOC_ERROR
camgazebo1: cannot resize outport frame/raw to 921619 bytes: camgazebo1/main: S_posterLib_MALLOC_ERROR
camgazebo1: cannot resize outport frame/raw to 921619 bytes: camgazebo1/main: S_posterLib_MALLOC_ERROR
camgazebo1: cannot resize outport frame/raw to 921619 bytes: camgazebo1/main: S_posterLib_MALLOC_ERROR
camgazebo1: cannot resize outport frame/raw to 921619 bytes: camgazebo1/main: S_posterLib_MALLOC_ERROR
camgazebo1: cannot resize outport frame/raw to 921619 bytes: camgazebo1/main: S_posterLib_MALLOC_ERROR
camgazebo1: cannot resize outport frame/raw to 921619 bytes: camgazebo1/main: S_posterLib_MALLOC_ERROR
camgazebo1: cannot resize outport frame/raw to 921619 bytes: camgazebo1/main: S_posterLib_MALLOC_ERROR
camgazebo1: cannot resize outport frame/raw to 921619 bytes: camgazebo1/main: S_posterLib_MALLOC_ERROR
camgazebo1: cannot resize outport frame/raw to 921619 bytes: camgazebo1/main: S_posterLib_MALLOC_ERROR
camgazebo1: cannot resize outport frame/raw to 921619 bytes: camgazebo1/main: S_posterLib_MALLOC_ERROR
camgazebo1: cannot resize outport frame/raw to 921619 bytes: camgazebo1/main: S_posterLib_MALLOC_ERROR
camgazebo1: cannot resize outport frame/raw to 921619 bytes: camgazebo1/main: S_posterLib_MALLOC_ERROR
camgazebo1: cannot resize outport frame/raw to 921619 bytes: camgazebo1/main: S_posterLib_MALLOC_ERROR
camgazebo1: cannot resize outport frame/raw to 921619 bytes: camgazebo1/main: S_posterLib_MALLOC_ERROR
camgazebo1: cannot resize outport frame/raw to 921619 bytes: camgazebo1/main: S_posterLib_MALLOC_ERROR
camgazebo1: cannot resize outport frame/raw to 921619 bytes: camgazebo1/main: S_posterLib_MALLOC_ERROR
camgazebo1: cannot resize outport frame/raw to 921619 bytes: camgazebo1/main: S_posterLib_MALLOC_ERROR
camgazebo1: cannot resize outport frame/raw to 921619 bytes: camgazebo1/main: S_posterLib_MALLOC_ERROR
camgazebo1: cannot resize outport frame/raw to 921619 bytes: camgazebo1/main: S_posterLib_MALLOC_ERROR
camgazebo1: cannot resize outport frame/raw to 921619 bytes: camgazebo1/main: S_posterLib_MALLOC_ERROR
camgazebo1: cannot resize outport frame/raw to 921619 bytes: camgazebo1/main: S_posterLib_MALLOC_ERROR
camgazebo1: cannot resize outport frame/raw to 921619 bytes: camgazebo1/main: S_posterLib_MALLOC_ERROR
camgazebo1: cannot resize outport frame/raw to 921619 bytes: camgazebo1/main: S_posterLib_MALLOC_ERROR
camgazebo1: cannot resize outport frame/raw to 921619 bytes: camgazebo1/main: S_posterLib_MALLOC_ERROR
camgazebo1: cannot resize outport frame/raw to 921619 bytes: camgazebo1/main: S_posterLib_MALLOC_ERROR
camgazebo1: cannot resize outport frame/raw to 921619 bytes: camgazebo1/main: S_posterLib_MALLOC_ERROR
camgazebo1: cannot resize outport frame/raw to 921619 bytes: camgazebo1/main: S_posterLib_MALLOC_ERROR
camgazebo1: cannot resize outport frame/raw to 921619 bytes: camgazebo1/main: S_posterLib_MALLOC_ERROR
camgazebo1: cannot resize outport frame/raw to 921619 bytes: camgazebo1/main: S_posterLib_MALLOC_ERROR
camgazebo1: cannot resize outport frame/raw to 921619 bytes: camgazebo1/main: S_posterLib_MALLOC_ERROR
camgazebo1: cannot resize outport frame/raw to 921619 bytes: camgazebo1/main: S_posterLib_MALLOC_ERROR
camgazebo1: cannot resize outport frame/raw to 921619 bytes: camgazebo1/main: S_posterLib_MALLOC_ERROR
camgazebo1: cannot resize outport frame/raw to 921619 bytes: camgazebo1/main: S_posterLib_MALLOC_ERROR
camgazebo1: cannot resize outport frame/raw to 921619 bytes: camgazebo1/main: S_posterLib_MALLOC_ERROR
camgazebo1: cannot resize outport frame/raw to 921619 bytes: camgazebo1/main: S_posterLib_MALLOC_ERROR
camgazebo1: cannot resize outport frame/raw to 921619 bytes: camgazebo1/main: S_posterLib_MALLOC_ERROR
camgazebo1: cannot resize outport frame/raw to 921619 bytes: camgazebo1/main: S_posterLib_MALLOC_ERROR
camgazebo1: cannot resize outport frame/raw to 921619 bytes: camgazebo1/main: S_posterLib_MALLOC_ERROR
camgazebo1: cannot resize outport frame/raw to 921619 bytes: camgazebo1/main: S_posterLib_MALLOC_ERROR
camgazebo1: cannot resize outport frame/raw to 921619 bytes: camgazebo1/main: S_posterLib_MALLOC_ERROR
camgazebo1: cannot resize outport frame/raw to 921619 bytes: camgazebo1/main: S_posterLib_MALLOC_ERROR
camgazebo1: cannot resize outport frame/raw to 921619 bytes: camgazebo1/main: S_posterLib_MALLOC_ERROR
camgazebo1: cannot resize outport frame/raw to 921619 bytes: camgazebo1/main: S_posterLib_MALLOC_ERROR
camgazebo1: cannot resize outport frame/raw to 921619 bytes: camgazebo1/main: S_posterLib_MALLOC_ERROR
camgazebo1: cannot resize outport frame/raw to 921619 bytes: camgazebo1/main: S_posterLib_MALLOC_ERROR
camgazebo1: cannot resize outport frame/raw to 921619 bytes: camgazebo1/main: S_posterLib_MALLOC_ERROR
camgazebo1: cannot resize outport frame/raw to 921619 bytes: camgazebo1/main: S_posterLib_MALLOC_ERROR
camgazebo1: cannot resize outport frame/raw to 921619 bytes: camgazebo1/main: S_posterLib_MALLOC_ERROR
camgazebo1: cannot resize outport frame/raw to 921619 bytes: camgazebo1/main: S_posterLib_MALLOC_ERROR
camgazebo1: cannot resize outport frame/raw to 921619 bytes: camgazebo1/main: S_posterLib_MALLOC_ERROR
camgazebo1: cannot resize outport frame/raw to 921619 bytes: camgazebo1/main: S_posterLib_MALLOC_ERROR
camgazebo1: cannot resize outport frame/raw to 921619 bytes: camgazebo1/main: S_posterLib_MALLOC_ERROR
camgazebo1: cannot resize outport frame/raw to 921619 bytes: camgazebo1/main: S_posterLib_MALLOC_ERROR
camgazebo1: cannot resize outport frame/raw to 921619 bytes: camgazebo1/main: S_posterLib_MALLOC_ERROR
camgazebo1: cannot resize outport frame/raw to 921619 bytes: camgazebo1/main: S_posterLib_MALLOC_ERROR
camgazebo1: cannot resize outport frame/raw to 921619 bytes: camgazebo1/main: S_posterLib_MALLOC_ERROR
camgazebo1: cannot resize outport frame/raw to 921619 bytes: camgazebo1/main: S_posterLib_MALLOC_ERROR
camgazebo1: cannot resize outport frame/raw to 921619 bytes: camgazebo1/main: S_posterLib_MALLOC_ERROR
camgazebo1: cannot resize outport frame/raw to 921619 bytes: camgazebo1/main: S_posterLib_MALLOC_ERROR
camgazebo1: cannot resize outport frame/raw to 921619 bytes: camgazebo1/main: S_posterLib_MALLOC_ERROR
camgazebo1: cannot resize outport frame/raw to 921619 bytes: camgazebo1/main: S_posterLib_MALLOC_ERROR
camgazebo1: cannot resize outport frame/raw to 921619 bytes: camgazebo1/main: S_posterLib_MALLOC_ERROR
camgazebo1: cannot resize outport frame/raw to 921619 bytes: camgazebo1/main: S_posterLib_MALLOC_ERROR
camgazebo1: cannot resize outport frame/raw to 921619 bytes: camgazebo1/main: S_posterLib_MALLOC_ERROR
camgazebo1: cannot resize outport frame/raw to 921619 bytes: camgazebo1/main: S_posterLib_MALLOC_ERROR
camgazebo1: cannot resize outport frame/raw to 921619 bytes: camgazebo1/main: S_posterLib_MALLOC_ERROR
camgazebo1: cannot resize outport frame/raw to 921619 bytes: camgazebo1/main: S_posterLib_MALLOC_ERROR
camgazebo1: cannot resize outport frame/raw to 921619 bytes: camgazebo1/main: S_posterLib_MALLOC_ERROR
camgazebo1: cannot resize outport frame/raw to 921619 bytes: camgazebo1/main: S_posterLib_MALLOC_ERROR
camgazebo1: cannot resize outport frame/raw to 921619 bytes: camgazebo1/main: S_posterLib_MALLOC_ERROR
camgazebo1: cannot resize outport frame/raw to 921619 bytes: camgazebo1/main: S_posterLib_MALLOC_ERROR
camgazebo1: cannot resize outport frame/raw to 921619 bytes: camgazebo1/main: S_posterLib_MALLOC_ERROR
camgazebo1: cannot resize outport frame/raw to 921619 bytes: camgazebo1/main: S_posterLib_MALLOC_ERROR
camgazebo1: cannot resize outport frame/raw to 921619 bytes: camgazebo1/main: S_posterLib_MALLOC_ERROR
camgazebo1: cannot resize outport frame/raw to 921619 bytes: camgazebo1/main: S_posterLib_MALLOC_ERROR
camgazebo1: cannot resize outport frame/raw to 921619 bytes: camgazebo1/main: S_posterLib_MALLOC_ERROR
camgazebo1: cannot resize outport frame/raw to 921619 bytes: camgazebo1/main: S_posterLib_MALLOC_ERROR
camgazebo1: cannot resize outport frame/raw to 921619 bytes: camgazebo1/main: S_posterLib_MALLOC_ERROR
camgazebo1: cannot resize outport frame/raw to 921619 bytes: camgazebo1/main: S_posterLib_MALLOC_ERROR
camgazebo1: cannot resize outport frame/raw to 921619 bytes: camgazebo1/main: S_posterLib_MALLOC_ERROR
camgazebo1: cannot resize outport frame/raw to 921619 bytes: camgazebo1/main: S_posterLib_MALLOC_ERROR
camgazebo1: cannot resize outport frame/raw to 921619 bytes: camgazebo1/main: S_posterLib_MALLOC_ERROR
camgazebo1: cannot resize outport frame/raw to 921619 bytes: camgazebo1/main: S_posterLib_MALLOC_ERROR
camgazebo1: cannot resize outport frame/raw to 921619 bytes: camgazebo1/main: S_posterLib_MALLOC_ERROR
camgazebo1: cannot resize outport frame/raw to 921619 bytes: camgazebo1/main: S_posterLib_MALLOC_ERROR
camgazebo1: cannot resize outport frame/raw to 921619 bytes: camgazebo1/main: S_posterLib_MALLOC_ERROR
camgazebo1: cannot resize outport frame/raw to 921619 bytes: camgazebo1/main: S_posterLib_MALLOC_ERROR
camgazebo1: cannot resize outport frame/raw to 921619 bytes: camgazebo1/main: S_posterLib_MALLOC_ERROR
camgazebo1: cannot resize outport frame/raw to 921619 bytes: camgazebo1/main: S_posterLib_MALLOC_ERROR
camgazebo1: cannot resize outport frame/raw to 921619 bytes: camgazebo1/main: S_posterLib_MALLOC_ERROR
camgazebo1: cannot resize outport frame/raw to 921619 bytes: camgazebo1/main: S_posterLib_MALLOC_ERROR
camgazebo1: cannot resize outport frame/raw to 921619 bytes: camgazebo1/main: S_posterLib_MALLOC_ERROR
camgazebo1: cannot resize outport frame/raw to 921619 bytes: camgazebo1/main: S_posterLib_MALLOC_ERROR
camgazebo1: cannot resize outport frame/raw to 921619 bytes: camgazebo1/main: S_posterLib_MALLOC_ERROR
camgazebo1: cannot resize outport frame/raw to 921619 bytes: camgazebo1/main: S_posterLib_MALLOC_ERROR
camgazebo1: cannot resize outport frame/raw to 921619 bytes: camgazebo1/main: S_posterLib_MALLOC_ERROR
camgazebo1: cannot resize outport frame/raw to 921619 bytes: camgazebo1/main: S_posterLib_MALLOC_ERROR
camgazebo1: cannot resize outport frame/raw to 921619 bytes: camgazebo1/main: S_posterLib_MALLOC_ERROR
camgazebo1: cannot resize outport frame/raw to 921619 bytes: camgazebo1/main: S_posterLib_MALLOC_ERROR
camgazebo1: cannot resize outport frame/raw to 921619 bytes: camgazebo1/main: S_posterLib_MALLOC_ERROR
camgazebo1: cannot resize outport frame/raw to 921619 bytes: camgazebo1/main: S_posterLib_MALLOC_ERROR
camgazebo1: cannot resize outport frame/raw to 921619 bytes: camgazebo1/main: S_posterLib_MALLOC_ERROR
camgazebo1: cannot resize outport frame/raw to 921619 bytes: camgazebo1/main: S_posterLib_MALLOC_ERROR
camgazebo1: cannot resize outport frame/raw to 921619 bytes: camgazebo1/main: S_posterLib_MALLOC_ERROR
camgazebo1: cannot resize outport frame/raw to 921619 bytes: camgazebo1/main: S_posterLib_MALLOC_ERROR
camgazebo1: cannot resize outport frame/raw to 921619 bytes: camgazebo1/main: S_posterLib_MALLOC_ERROR
camgazebo1: cannot resize outport frame/raw to 921619 bytes: camgazebo1/main: S_posterLib_MALLOC_ERROR
camgazebo1: cannot resize outport frame/raw to 921619 bytes: camgazebo1/main: S_posterLib_MALLOC_ERROR
camgazebo1: cannot resize outport frame/raw to 921619 bytes: camgazebo1/main: S_posterLib_MALLOC_ERROR
camgazebo1: cannot resize outport frame/raw to 921619 bytes: camgazebo1/main: S_posterLib_MALLOC_ERROR
camgazebo1: cannot resize outport frame/raw to 921619 bytes: camgazebo1/main: S_posterLib_MALLOC_ERROR
camgazebo1: cannot resize outport frame/raw to 921619 bytes: camgazebo1/main: S_posterLib_MALLOC_ERROR
camgazebo1: cannot resize outport frame/raw to 921619 bytes: camgazebo1/main: S_posterLib_MALLOC_ERROR
camgazebo1: cannot resize outport frame/raw to 921619 bytes: camgazebo1/main: S_posterLib_MALLOC_ERROR
camgazebo1: cannot resize outport frame/raw to 921619 bytes: camgazebo1/main: S_posterLib_MALLOC_ERROR
camgazebo1: cannot resize outport frame/raw to 921619 bytes: camgazebo1/main: S_posterLib_MALLOC_ERROR
camgazebo1: cannot resize outport frame/raw to 921619 bytes: camgazebo1/main: S_posterLib_MALLOC_ERROR
camgazebo1: cannot resize outport frame/raw to 921619 bytes: camgazebo1/main: S_posterLib_MALLOC_ERROR
camgazebo1: cannot resize outport frame/raw to 921619 bytes: camgazebo1/main: S_posterLib_MALLOC_ERROR
camgazebo1: cannot resize outport frame/raw to 921619 bytes: camgazebo1/main: S_posterLib_MALLOC_ERROR
camgazebo1: cannot resize outport frame/raw to 921619 bytes: camgazebo1/main: S_posterLib_MALLOC_ERROR
camgazebo1: cannot resize outport frame/raw to 921619 bytes: camgazebo1/main: S_posterLib_MALLOC_ERROR
camgazebo1: cannot resize outport frame/raw to 921619 bytes: camgazebo1/main: S_posterLib_MALLOC_ERROR
camgazebo1: cannot resize outport frame/raw to 921619 bytes: camgazebo1/main: S_posterLib_MALLOC_ERROR
camgazebo1: cannot resize outport frame/raw to 921619 bytes: camgazebo1/main: S_posterLib_MALLOC_ERROR
camgazebo1: cannot resize outport frame/raw to 921619 bytes: camgazebo1/main: S_posterLib_MALLOC_ERROR
camgazebo1: cannot resize outport frame/raw to 921619 bytes: camgazebo1/main: S_posterLib_MALLOC_ERROR
camgazebo1: cannot resize outport frame/raw to 921619 bytes: camgazebo1/main: S_posterLib_MALLOC_ERROR
camgazebo1: cannot resize outport frame/raw to 921619 bytes: camgazebo1/main: S_posterLib_MALLOC_ERROR
camgazebo1: cannot resize outport frame/raw to 921619 bytes: camgazebo1/main: S_posterLib_MALLOC_ERROR
camgazebo1: cannot resize outport frame/raw to 921619 bytes: camgazebo1/main: S_posterLib_MALLOC_ERROR
camgazebo1: cannot resize outport frame/raw to 921619 bytes: camgazebo1/main: S_posterLib_MALLOC_ERROR
camgazebo1: cannot resize outport frame/raw to 921619 bytes: camgazebo1/main: S_posterLib_MALLOC_ERROR
camgazebo1: cannot resize outport frame/raw to 921619 bytes: camgazebo1/main: S_posterLib_MALLOC_ERROR
camgazebo1: cannot resize outport frame/raw to 921619 bytes: camgazebo1/main: S_posterLib_MALLOC_ERROR
camgazebo1: cannot resize outport frame/raw to 921619 bytes: camgazebo1/main: S_posterLib_MALLOC_ERROR
camgazebo1: cannot resize outport frame/raw to 921619 bytes: camgazebo1/main: S_posterLib_MALLOC_ERROR
camgazebo1: cannot resize outport frame/raw to 921619 bytes: camgazebo1/main: S_posterLib_MALLOC_ERROR
camgazebo1: cannot resize outport frame/raw to 921619 bytes: camgazebo1/main: S_posterLib_MALLOC_ERROR
camgazebo1: cannot resize outport frame/raw to 921619 bytes: camgazebo1/main: S_posterLib_MALLOC_ERROR
camgazebo1: cannot resize outport frame/raw to 921619 bytes: camgazebo1/main: S_posterLib_MALLOC_ERROR
camgazebo1: cannot resize outport frame/raw to 921619 bytes: camgazebo1/main: S_posterLib_MALLOC_ERROR
camgazebo1: cannot resize outport frame/raw to 921619 bytes: camgazebo1/main: S_posterLib_MALLOC_ERROR
camgazebo1: cannot resize outport frame/raw to 921619 bytes: camgazebo1/main: S_posterLib_MALLOC_ERROR
camgazebo1: cannot resize outport frame/raw to 921619 bytes: camgazebo1/main: S_posterLib_MALLOC_ERROR
camgazebo1: cannot resize outport frame/raw to 921619 bytes: camgazebo1/main: S_posterLib_MALLOC_ERROR
camgazebo1: cannot resize outport frame/raw to 921619 bytes: camgazebo1/main: S_posterLib_MALLOC_ERROR
camgazebo1: cannot resize outport frame/raw to 921619 bytes: camgazebo1/main: S_posterLib_MALLOC_ERROR
camgazebo1: cannot resize outport frame/raw to 921619 bytes: camgazebo1/main: S_posterLib_MALLOC_ERROR
camgazebo1: cannot resize outport frame/raw to 921619 bytes: camgazebo1/main: S_posterLib_MALLOC_ERROR
camgazebo1: cannot resize outport frame/raw to 921619 bytes: camgazebo1/main: S_posterLib_MALLOC_ERROR
camgazebo1: cannot resize outport frame/raw to 921619 bytes: camgazebo1/main: S_posterLib_MALLOC_ERROR
camgazebo1: cannot resize outport frame/raw to 921619 bytes: camgazebo1/main: S_posterLib_MALLOC_ERROR
camgazebo1: cannot resize outport frame/raw to 921619 bytes: camgazebo1/main: S_posterLib_MALLOC_ERROR
camgazebo1: cannot resize outport frame/raw to 921619 bytes: camgazebo1/main: S_posterLib_MALLOC_ERROR
camgazebo1: cannot resize outport frame/raw to 921619 bytes: camgazebo1/main: S_posterLib_MALLOC_ERROR
camgazebo1: cannot resize outport frame/raw to 921619 bytes: camgazebo1/main: S_posterLib_MALLOC_ERROR
camgazebo1: cannot resize outport frame/raw to 921619 bytes: camgazebo1/main: S_posterLib_MALLOC_ERROR
camgazebo1: cannot resize outport frame/raw to 921619 bytes: camgazebo1/main: S_posterLib_MALLOC_ERROR
camgazebo1: cannot resize outport frame/raw to 921619 bytes: camgazebo1/main: S_posterLib_MALLOC_ERROR
camgazebo1: cannot resize outport frame/raw to 921619 bytes: camgazebo1/main: S_posterLib_MALLOC_ERROR
camgazebo1: cannot resize outport frame/raw to 921619 bytes: camgazebo1/main: S_posterLib_MALLOC_ERROR
camgazebo1: cannot resize outport frame/raw to 921619 bytes: camgazebo1/main: S_posterLib_MALLOC_ERROR
camgazebo1: cannot resize outport frame/raw to 921619 bytes: camgazebo1/main: S_posterLib_MALLOC_ERROR
camgazebo1: cannot resize outport frame/raw to 921619 bytes: camgazebo1/main: S_posterLib_MALLOC_ERROR
camgazebo1: cannot resize outport frame/raw to 921619 bytes: camgazebo1/main: S_posterLib_MALLOC_ERROR
camgazebo1: cannot resize outport frame/raw to 921619 bytes: camgazebo1/main: S_posterLib_MALLOC_ERROR
camgazebo1: cannot resize outport frame/raw to 921619 bytes: camgazebo1/main: S_posterLib_MALLOC_ERROR
camgazebo1: cannot resize outport frame/raw to 921619 bytes: camgazebo1/main: S_posterLib_MALLOC_ERROR
camgazebo1: cannot resize outport frame/raw to 921619 bytes: camgazebo1/main: S_posterLib_MALLOC_ERROR
camgazebo1: cannot resize outport frame/raw to 921619 bytes: camgazebo1/main: S_posterLib_MALLOC_ERROR
camgazebo1: cannot resize outport frame/raw to 921619 bytes: camgazebo1/main: S_posterLib_MALLOC_ERROR
camgazebo1: cannot resize outport frame/raw to 921619 bytes: camgazebo1/main: S_posterLib_MALLOC_ERROR
camgazebo1: cannot resize outport frame/raw to 921619 bytes: camgazebo1/main: S_posterLib_MALLOC_ERROR
camgazebo1: cannot resize outport frame/raw to 921619 bytes: camgazebo1/main: S_posterLib_MALLOC_ERROR
camgazebo1: cannot resize outport frame/raw to 921619 bytes: camgazebo1/main: S_posterLib_MALLOC_ERROR
camgazebo1: cannot resize outport frame/raw to 921619 bytes: camgazebo1/main: S_posterLib_MALLOC_ERROR
camgazebo1: cannot resize outport frame/raw to 921619 bytes: camgazebo1/main: S_posterLib_MALLOC_ERROR
camgazebo1: cannot resize outport frame/raw to 921619 bytes: camgazebo1/main: S_posterLib_MALLOC_ERROR
camgazebo1: cannot resize outport frame/raw to 921619 bytes: camgazebo1/main: S_posterLib_MALLOC_ERROR
camgazebo1: cannot resize outport frame/raw to 921619 bytes: camgazebo1/main: S_posterLib_MALLOC_ERROR
camgazebo1: cannot resize outport frame/raw to 921619 bytes: camgazebo1/main: S_posterLib_MALLOC_ERROR
camgazebo1: cannot resize outport frame/raw to 921619 bytes: camgazebo1/main: S_posterLib_MALLOC_ERROR
camgazebo1: cannot resize outport frame/raw to 921619 bytes: camgazebo1/main: S_posterLib_MALLOC_ERROR
camgazebo1: cannot resize outport frame/raw to 921619 bytes: camgazebo1/main: S_posterLib_MALLOC_ERROR
camgazebo1: cannot resize outport frame/raw to 921619 bytes: camgazebo1/main: S_posterLib_MALLOC_ERROR
camgazebo1: cannot resize outport frame/raw to 921619 bytes: camgazebo1/main: S_posterLib_MALLOC_ERROR
camgazebo1: cannot resize outport frame/raw to 921619 bytes: camgazebo1/main: S_posterLib_MALLOC_ERROR
camgazebo1: cannot resize outport frame/raw to 921619 bytes: camgazebo1/main: S_posterLib_MALLOC_ERROR
camgazebo1: cannot resize outport frame/raw to 921619 bytes: camgazebo1/main: S_posterLib_MALLOC_ERROR
camgazebo1: cannot resize outport frame/raw to 921619 bytes: camgazebo1/main: S_posterLib_MALLOC_ERROR
camgazebo1: cannot resize outport frame/raw to 921619 bytes: camgazebo1/main: S_posterLib_MALLOC_ERROR
camgazebo1: cannot resize outport frame/raw to 921619 bytes: camgazebo1/main: S_posterLib_MALLOC_ERROR
camgazebo1: cannot resize outport frame/raw to 921619 bytes: camgazebo1/main: S_posterLib_MALLOC_ERROR
camgazebo1: cannot resize outport frame/raw to 921619 bytes: camgazebo1/main: S_posterLib_MALLOC_ERROR
camgazebo1: cannot resize outport frame/raw to 921619 bytes: camgazebo1/main: S_posterLib_MALLOC_ERROR
camgazebo1: cannot resize outport frame/raw to 921619 bytes: camgazebo1/main: S_posterLib_MALLOC_ERROR
camgazebo1: cannot resize outport frame/raw to 921619 bytes: camgazebo1/main: S_posterLib_MALLOC_ERROR
camgazebo1: cannot resize outport frame/raw to 921619 bytes: camgazebo1/main: S_posterLib_MALLOC_ERROR
camgazebo1: cannot resize outport frame/raw to 921619 bytes: camgazebo1/main: S_posterLib_MALLOC_ERROR
camgazebo1: cannot resize outport frame/raw to 921619 bytes: camgazebo1/main: S_posterLib_MALLOC_ERROR
camgazebo1: cannot resize outport frame/raw to 921619 bytes: camgazebo1/main: S_posterLib_MALLOC_ERROR
camgazebo1: cannot resize outport frame/raw to 921619 bytes: camgazebo1/main: S_posterLib_MALLOC_ERROR
camgazebo1: cannot resize outport frame/raw to 921619 bytes: camgazebo1/main: S_posterLib_MALLOC_ERROR
camgazebo1: cannot resize outport frame/raw to 921619 bytes: camgazebo1/main: S_posterLib_MALLOC_ERROR
camgazebo1: cannot resize outport frame/raw to 921619 bytes: camgazebo1/main: S_posterLib_MALLOC_ERROR
camgazebo1: cannot resize outport frame/raw to 921619 bytes: camgazebo1/main: S_posterLib_MALLOC_ERROR
camgazebo1: cannot resize outport frame/raw to 921619 bytes: camgazebo1/main: S_posterLib_MALLOC_ERROR
camgazebo1: cannot resize outport frame/raw to 921619 bytes: camgazebo1/main: S_posterLib_MALLOC_ERROR
camgazebo1: cannot resize outport frame/raw to 921619 bytes: camgazebo1/main: S_posterLib_MALLOC_ERROR
camgazebo1: cannot resize outport frame/raw to 921619 bytes: camgazebo1/main: S_posterLib_MALLOC_ERROR
camgazebo1: cannot resize outport frame/raw to 921619 bytes: camgazebo1/main: S_posterLib_MALLOC_ERROR
camgazebo1: cannot resize outport frame/raw to 921619 bytes: camgazebo1/main: S_posterLib_MALLOC_ERROR
camgazebo1: cannot resize outport frame/raw to 921619 bytes: camgazebo1/main: S_posterLib_MALLOC_ERROR
camgazebo1: cannot resize outport frame/raw to 921619 bytes: camgazebo1/main: S_posterLib_MALLOC_ERROR
camgazebo1: cannot resize outport frame/raw to 921619 bytes: camgazebo1/main: S_posterLib_MALLOC_ERROR
camgazebo1: cannot resize outport frame/raw to 921619 bytes: camgazebo1/main: S_posterLib_MALLOC_ERROR
camgazebo1: cannot resize outport frame/raw to 921619 bytes: camgazebo1/main: S_posterLib_MALLOC_ERROR
camgazebo1: cannot resize outport frame/raw to 921619 bytes: camgazebo1/main: S_posterLib_MALLOC_ERROR
camgazebo1: cannot resize outport frame/raw to 921619 bytes: camgazebo1/main: S_posterLib_MALLOC_ERROR
camgazebo1: cannot resize outport frame/raw to 921619 bytes: camgazebo1/main: S_posterLib_MALLOC_ERROR
camgazebo1: cannot resize outport frame/raw to 921619 bytes: camgazebo1/main: S_posterLib_MALLOC_ERROR
camgazebo1: cannot resize outport frame/raw to 921619 bytes: camgazebo1/main: S_posterLib_MALLOC_ERROR
camgazebo1: cannot resize outport frame/raw to 921619 bytes: camgazebo1/main: S_posterLib_MALLOC_ERROR
camgazebo1: cannot resize outport frame/raw to 921619 bytes: camgazebo1/main: S_posterLib_MALLOC_ERROR
camgazebo1: cannot resize outport frame/raw to 921619 bytes: camgazebo1/main: S_posterLib_MALLOC_ERROR
camgazebo1: cannot resize outport frame/raw to 921619 bytes: camgazebo1/main: S_posterLib_MALLOC_ERROR
camgazebo1: cannot resize outport frame/raw to 921619 bytes: camgazebo1/main: S_posterLib_MALLOC_ERROR
camgazebo1: cannot resize outport frame/raw to 921619 bytes: camgazebo1/main: S_posterLib_MALLOC_ERROR
camgazebo1: cannot resize outport frame/raw to 921619 bytes: camgazebo1/main: S_posterLib_MALLOC_ERROR
camgazebo1: cannot resize outport frame/raw to 921619 bytes: camgazebo1/main: S_posterLib_MALLOC_ERROR
camgazebo1: cannot resize outport frame/raw to 921619 bytes: camgazebo1/main: S_posterLib_MALLOC_ERROR
camgazebo1: cannot resize outport frame/raw to 921619 bytes: camgazebo1/main: S_posterLib_MALLOC_ERROR
camgazebo1: cannot resize outport frame/raw to 921619 bytes: camgazebo1/main: S_posterLib_MALLOC_ERROR
camgazebo1: cannot resize outport frame/raw to 921619 bytes: camgazebo1/main: S_posterLib_MALLOC_ERROR
camgazebo1: cannot resize outport frame/raw to 921619 bytes: camgazebo1/main: S_posterLib_MALLOC_ERROR
camgazebo1: cannot resize outport frame/raw to 921619 bytes: camgazebo1/main: S_posterLib_MALLOC_ERROR
